<?xml version="1.0" encoding="UTF-8"?>
<testsuite name="com.book.BookApplicationTests" tests="1" skipped="0" failures="0" errors="0" timestamp="2020-04-11T07:21:20" hostname="Balajis-MacBook-Pro.local" time="0.001">
  <properties/>
  <testcase name="contextLoads" classname="com.book.BookApplicationTests" time="0.001"/>
  <system-out><![CDATA[2020-04-11 12:51:05.393  INFO 5843 --- [    Test worker] .b.t.c.SpringBootTestContextBootstrapper : Neither @ContextConfiguration nor @ContextHierarchy found for test class [com.book.BookApplicationTests], using SpringBootContextLoader
2020-04-11 12:51:05.393  INFO 5843 --- [    Test worker] o.s.t.c.support.AbstractContextLoader    : Could not detect default resource locations for test class [com.book.BookApplicationTests]: no resource found for suffixes {-context.xml, Context.groovy}.
2020-04-11 12:51:05.393  INFO 5843 --- [    Test worker] t.c.s.AnnotationConfigContextLoaderUtils : Could not detect default configuration classes for test class [com.book.BookApplicationTests]: BookApplicationTests does not declare any static, non-private, non-final, nested classes annotated with @Configuration.
2020-04-11 12:51:05.394  INFO 5843 --- [    Test worker] .b.t.c.SpringBootTestContextBootstrapper : Found @SpringBootConfiguration com.book.BookApplication for test class com.book.BookApplicationTests
2020-04-11 12:51:05.395  INFO 5843 --- [    Test worker] .b.t.c.SpringBootTestContextBootstrapper : Loaded default TestExecutionListener class names from location [META-INF/spring.factories]: [org.springframework.boot.test.autoconfigure.restdocs.RestDocsTestExecutionListener, org.springframework.boot.test.autoconfigure.web.client.MockRestServiceServerResetTestExecutionListener, org.springframework.boot.test.autoconfigure.web.servlet.MockMvcPrintOnlyOnFailureTestExecutionListener, org.springframework.boot.test.autoconfigure.web.servlet.WebDriverTestExecutionListener, org.springframework.boot.test.mock.mockito.MockitoTestExecutionListener, org.springframework.boot.test.mock.mockito.ResetMocksTestExecutionListener, org.springframework.test.context.web.ServletTestExecutionListener, org.springframework.test.context.support.DirtiesContextBeforeModesTestExecutionListener, org.springframework.test.context.support.DependencyInjectionTestExecutionListener, org.springframework.test.context.support.DirtiesContextTestExecutionListener, org.springframework.test.context.transaction.TransactionalTestExecutionListener, org.springframework.test.context.jdbc.SqlScriptsTestExecutionListener]
2020-04-11 12:51:05.396  INFO 5843 --- [    Test worker] .b.t.c.SpringBootTestContextBootstrapper : Using TestExecutionListeners: [org.springframework.test.context.web.ServletTestExecutionListener@6580c200, org.springframework.test.context.support.DirtiesContextBeforeModesTestExecutionListener@52bd95ef, org.springframework.boot.test.mock.mockito.MockitoTestExecutionListener@48e4a1d9, org.springframework.boot.test.autoconfigure.SpringBootDependencyInjectionTestExecutionListener@45795b43, org.springframework.test.context.support.DirtiesContextTestExecutionListener@268a112e, org.springframework.boot.test.autoconfigure.restdocs.RestDocsTestExecutionListener@1826fafd, org.springframework.boot.test.autoconfigure.web.client.MockRestServiceServerResetTestExecutionListener@75217a49, org.springframework.boot.test.autoconfigure.web.servlet.MockMvcPrintOnlyOnFailureTestExecutionListener@7a8d84ed, org.springframework.boot.test.autoconfigure.web.servlet.WebDriverTestExecutionListener@c78f9f3, org.springframework.boot.test.mock.mockito.ResetMocksTestExecutionListener@23a61b93]

  .   ____          _            __ _ _
 /\\ / ___'_ __ _ _(_)_ __  __ _ \ \ \ \
( ( )\___ | '_ | '_| | '_ \/ _` | \ \ \ \
 \\/  ___)| |_)| | | | | || (_| |  ) ) ) )
  '  |____| .__|_| |_|_| |_\__, | / / / /
 =========|_|==============|___/=/_/_/_/
 :: Spring Boot ::        (v2.1.7.RELEASE)

2020-04-11 12:51:20.421  INFO 5843 --- [    Test worker] com.book.BookApplicationTests            : Starting BookApplicationTests on Balajis-MacBook-Pro.local with PID 5843 (started by balajisivakumar in /Users/balajisivakumar/Downloads/springboot_starter)
2020-04-11 12:51:20.422  INFO 5843 --- [    Test worker] com.book.BookApplicationTests            : No active profile set, falling back to default profiles: default
2020-04-11 12:51:20.662  INFO 5843 --- [    Test worker] o.s.s.concurrent.ThreadPoolTaskExecutor  : Initializing ExecutorService 'applicationTaskExecutor'
2020-04-11 12:51:20.761  INFO 5843 --- [    Test worker] com.book.BookApplicationTests            : Started BookApplicationTests in 15.364 seconds (JVM running for 32.732)
]]></system-out>
  <system-err><![CDATA[]]></system-err>
</testsuite>
