<?xml version="1.0" encoding="UTF-8"?>
<testsuite name="com.book.BookControllerTest" tests="2" skipped="0" failures="0" errors="0" timestamp="2020-04-11T07:20:48" hostname="Balajis-MacBook-Pro.local" time="0.001">
  <properties/>
  <testcase name="shouldCreateBookControllerInstance" classname="com.book.BookControllerTest" time="0.001"/>
  <testcase name="getBookShouldReturnBookJson" classname="com.book.BookControllerTest" time="0.0"/>
  <system-out><![CDATA[]]></system-out>
  <system-err><![CDATA[]]></system-err>
</testsuite>
